2023-08-06 00:41:49.209834 - Initialized conversion of CBT070
2023-08-06 00:41:50.046769 - Received CBT.V505.FILE070.PDS from FILE070.XMI 
2023-08-06 00:41:50.049320 - Found $$$#DATE.txt (text/plain) in CBT.V505.FILE070.PDS, moved to PDS/$$$#DATE
2023-08-06 00:41:50.050600 - Found $$$VTOC.txt (text/plain) in CBT.V505.FILE070.PDS, moved to PDS/$$$VTOC
2023-08-06 00:41:50.051583 - Found @FILE070.txt (text/plain) in CBT.V505.FILE070.PDS, moved to PDS/@FILE070
2023-08-06 00:41:50.052624 - Found A$$W001.txt (text/plain) in CBT.V505.FILE070.PDS, moved to PDS/A$$W001
2023-08-06 00:41:50.053497 - Found A$$W002.txt (text/plain) in CBT.V505.FILE070.PDS, moved to PDS/A$$W002
2023-08-06 00:41:50.054502 - Found A$$W003.txt (text/plain) in CBT.V505.FILE070.PDS, moved to PDS/A$$W003
2023-08-06 00:41:50.055458 - Found A$$W004.txt (text/plain) in CBT.V505.FILE070.PDS, moved to PDS/A$$W004
2023-08-06 00:41:50.056372 - Found A$$W005.txt (text/plain) in CBT.V505.FILE070.PDS, moved to PDS/A$$W005
2023-08-06 00:41:50.057352 - Found A$$W006.txt (text/plain) in CBT.V505.FILE070.PDS, moved to PDS/A$$W006
2023-08-06 00:41:50.058384 - Found A$$W007.txt (text/plain) in CBT.V505.FILE070.PDS, moved to PDS/A$$W007
2023-08-06 00:41:50.059338 - Found A$$W008.txt (text/plain) in CBT.V505.FILE070.PDS, moved to PDS/A$$W008
2023-08-06 00:41:50.060343 - Found A$$W009.txt (text/plain) in CBT.V505.FILE070.PDS, moved to PDS/A$$W009
2023-08-06 00:41:50.061391 - Found A$$W010.txt (text/plain) in CBT.V505.FILE070.PDS, moved to PDS/A$$W010
2023-08-06 00:41:50.062417 - Found A$$W011.txt (text/plain) in CBT.V505.FILE070.PDS, moved to PDS/A$$W011
2023-08-06 00:41:50.063346 - Found A$$W012.txt (text/plain) in CBT.V505.FILE070.PDS, moved to PDS/A$$W012
2023-08-06 00:41:50.064275 - Found A$$W013.txt (text/plain) in CBT.V505.FILE070.PDS, moved to PDS/A$$W013
2023-08-06 00:41:50.065230 - Found A$$W014.txt (text/plain) in CBT.V505.FILE070.PDS, moved to PDS/A$$W014
2023-08-06 00:41:50.066189 - Found A$$W015.txt (text/plain) in CBT.V505.FILE070.PDS, moved to PDS/A$$W015
2023-08-06 00:41:50.067212 - Found A$$W016.txt (text/plain) in CBT.V505.FILE070.PDS, moved to PDS/A$$W016
2023-08-06 00:41:50.068217 - Found A$$W017.txt (text/plain) in CBT.V505.FILE070.PDS, moved to PDS/A$$W017
2023-08-06 00:41:50.069128 - Found A$$W018.txt (text/plain) in CBT.V505.FILE070.PDS, moved to PDS/A$$W018
2023-08-06 00:41:50.070113 - Found A$$W019.txt (text/plain) in CBT.V505.FILE070.PDS, moved to PDS/A$$W019
2023-08-06 00:41:50.071077 - Found A$$W020.txt (text/plain) in CBT.V505.FILE070.PDS, moved to PDS/A$$W020
2023-08-06 00:41:50.072075 - Found AAEW001.txt (text/plain) in CBT.V505.FILE070.PDS, moved to PDS/AAEW001
2023-08-06 00:41:50.072951 - Found AAEW002.txt (text/plain) in CBT.V505.FILE070.PDS, moved to PDS/AAEW002
2023-08-06 00:41:50.073912 - Found AAEW003.txt (text/plain) in CBT.V505.FILE070.PDS, moved to PDS/AAEW003
2023-08-06 00:41:50.074717 - Found ABBW001.txt (text/plain) in CBT.V505.FILE070.PDS, moved to PDS/ABBW001
2023-08-06 00:41:50.075584 - Found ABBW002.txt (text/plain) in CBT.V505.FILE070.PDS, moved to PDS/ABBW002
2023-08-06 00:41:50.076362 - Found ABBW003.txt (text/plain) in CBT.V505.FILE070.PDS, moved to PDS/ABBW003
2023-08-06 00:41:50.077150 - Found ABBW010.txt (text/plain) in CBT.V505.FILE070.PDS, moved to PDS/ABBW010
2023-08-06 00:41:50.077976 - Found ABBW011.txt (text/plain) in CBT.V505.FILE070.PDS, moved to PDS/ABBW011
2023-08-06 00:41:50.078746 - Found ABBW012.txt (text/plain) in CBT.V505.FILE070.PDS, moved to PDS/ABBW012
2023-08-06 00:41:50.079564 - Found ABBW013.txt (text/plain) in CBT.V505.FILE070.PDS, moved to PDS/ABBW013
2023-08-06 00:41:50.080397 - Found ABBW014.txt (text/plain) in CBT.V505.FILE070.PDS, moved to PDS/ABBW014
2023-08-06 00:41:50.081226 - Found ABBW015.txt (text/plain) in CBT.V505.FILE070.PDS, moved to PDS/ABBW015
2023-08-06 00:41:50.082031 - Found ABBW016.txt (text/plain) in CBT.V505.FILE070.PDS, moved to PDS/ABBW016
2023-08-06 00:41:50.082825 - Found ABBW019.txt (text/plain) in CBT.V505.FILE070.PDS, moved to PDS/ABBW019
2023-08-06 00:41:50.083670 - Found ABBW020.txt (text/plain) in CBT.V505.FILE070.PDS, moved to PDS/ABBW020
2023-08-06 00:41:50.084465 - Found ABBW025.txt (text/plain) in CBT.V505.FILE070.PDS, moved to PDS/ABBW025
2023-08-06 00:41:50.085317 - Found ABBW026.txt (text/plain) in CBT.V505.FILE070.PDS, moved to PDS/ABBW026
2023-08-06 00:41:50.086475 - Found ABBW028.txt (text/plain) in CBT.V505.FILE070.PDS, moved to PDS/ABBW028
2023-08-06 00:41:50.087411 - Found ABBW031.txt (text/plain) in CBT.V505.FILE070.PDS, moved to PDS/ABBW031
2023-08-06 00:41:50.088286 - Found ABBW032.txt (text/plain) in CBT.V505.FILE070.PDS, moved to PDS/ABBW032
2023-08-06 00:41:50.089155 - Found ABBW042.txt (text/plain) in CBT.V505.FILE070.PDS, moved to PDS/ABBW042
2023-08-06 00:41:50.090101 - Found ABBW043.txt (text/plain) in CBT.V505.FILE070.PDS, moved to PDS/ABBW043
2023-08-06 00:41:50.091027 - Found ABBW049.txt (text/plain) in CBT.V505.FILE070.PDS, moved to PDS/ABBW049
2023-08-06 00:41:50.091959 - Found ABBW051.txt (text/plain) in CBT.V505.FILE070.PDS, moved to PDS/ABBW051
2023-08-06 00:41:50.092856 - Found ABBW052.txt (text/plain) in CBT.V505.FILE070.PDS, moved to PDS/ABBW052
2023-08-06 00:41:50.093754 - Found ABBW056.txt (text/plain) in CBT.V505.FILE070.PDS, moved to PDS/ABBW056
2023-08-06 00:41:50.094620 - Found ABBW058.txt (text/plain) in CBT.V505.FILE070.PDS, moved to PDS/ABBW058
2023-08-06 00:41:50.095505 - Found ABBW059.txt (text/plain) in CBT.V505.FILE070.PDS, moved to PDS/ABBW059
2023-08-06 00:41:50.096359 - Found ABBW060.txt (text/plain) in CBT.V505.FILE070.PDS, moved to PDS/ABBW060
2023-08-06 00:41:50.097220 - Found ABBW061.txt (text/plain) in CBT.V505.FILE070.PDS, moved to PDS/ABBW061
2023-08-06 00:41:50.098204 - Found ABBW062.txt (text/plain) in CBT.V505.FILE070.PDS, moved to PDS/ABBW062
2023-08-06 00:41:50.099140 - Found ABBW063.txt (text/plain) in CBT.V505.FILE070.PDS, moved to PDS/ABBW063
2023-08-06 00:41:50.099987 - Found ABBW064.txt (text/plain) in CBT.V505.FILE070.PDS, moved to PDS/ABBW064
2023-08-06 00:41:50.100847 - Found ABBW066.txt (text/plain) in CBT.V505.FILE070.PDS, moved to PDS/ABBW066
2023-08-06 00:41:50.101776 - Found ABBW069.txt (text/plain) in CBT.V505.FILE070.PDS, moved to PDS/ABBW069
2023-08-06 00:41:50.102671 - Found ACFW001.txt (text/plain) in CBT.V505.FILE070.PDS, moved to PDS/ACFW001
2023-08-06 00:41:50.103561 - Found ACFW002.txt (text/plain) in CBT.V505.FILE070.PDS, moved to PDS/ACFW002
2023-08-06 00:41:50.104399 - Found ACFW003.txt (text/plain) in CBT.V505.FILE070.PDS, moved to PDS/ACFW003
2023-08-06 00:41:50.105288 - Found ACFW005.txt (text/plain) in CBT.V505.FILE070.PDS, moved to PDS/ACFW005
2023-08-06 00:41:50.106230 - Found ACFW006.txt (text/plain) in CBT.V505.FILE070.PDS, moved to PDS/ACFW006
2023-08-06 00:41:50.107257 - Found ACFW007.txt (text/plain) in CBT.V505.FILE070.PDS, moved to PDS/ACFW007
2023-08-06 00:41:50.108178 - Found ACFW008.txt (text/plain) in CBT.V505.FILE070.PDS, moved to PDS/ACFW008
2023-08-06 00:41:50.109092 - Found ACFW009.txt (text/plain) in CBT.V505.FILE070.PDS, moved to PDS/ACFW009
2023-08-06 00:41:50.110035 - Found ACFW010.txt (text/plain) in CBT.V505.FILE070.PDS, moved to PDS/ACFW010
2023-08-06 00:41:50.110964 - Found ACFW012.txt (text/plain) in CBT.V505.FILE070.PDS, moved to PDS/ACFW012
2023-08-06 00:41:50.111889 - Found ACFW014.txt (text/plain) in CBT.V505.FILE070.PDS, moved to PDS/ACFW014
2023-08-06 00:41:50.112824 - Found ADPW002.txt (text/plain) in CBT.V505.FILE070.PDS, moved to PDS/ADPW002
2023-08-06 00:41:50.113791 - Found ADPW003.txt (text/plain) in CBT.V505.FILE070.PDS, moved to PDS/ADPW003
2023-08-06 00:41:50.114743 - Found ADPW004.txt (text/plain) in CBT.V505.FILE070.PDS, moved to PDS/ADPW004
2023-08-06 00:41:50.115645 - Found ADPW007.txt (text/plain) in CBT.V505.FILE070.PDS, moved to PDS/ADPW007
2023-08-06 00:41:50.116518 - Found ADPW008.txt (text/plain) in CBT.V505.FILE070.PDS, moved to PDS/ADPW008
2023-08-06 00:41:50.117360 - Found ADPW009.txt (text/plain) in CBT.V505.FILE070.PDS, moved to PDS/ADPW009
2023-08-06 00:41:50.118219 - Found ADVW001.txt (text/plain) in CBT.V505.FILE070.PDS, moved to PDS/ADVW001
2023-08-06 00:41:50.119144 - Found AHMW001.txt (text/plain) in CBT.V505.FILE070.PDS, moved to PDS/AHMW001
2023-08-06 00:41:50.120009 - Found AHMW002.txt (text/plain) in CBT.V505.FILE070.PDS, moved to PDS/AHMW002
2023-08-06 00:41:50.120970 - Found AHMW003.txt (text/plain) in CBT.V505.FILE070.PDS, moved to PDS/AHMW003
2023-08-06 00:41:50.121926 - Found AHMW005.txt (text/plain) in CBT.V505.FILE070.PDS, moved to PDS/AHMW005
2023-08-06 00:41:50.122853 - Found AIFW001.txt (text/plain) in CBT.V505.FILE070.PDS, moved to PDS/AIFW001
2023-08-06 00:41:50.123796 - Found AJSW002.txt (text/plain) in CBT.V505.FILE070.PDS, moved to PDS/AJSW002
2023-08-06 00:41:50.124720 - Found AJSW003.txt (text/plain) in CBT.V505.FILE070.PDS, moved to PDS/AJSW003
2023-08-06 00:41:50.125558 - Found AJSW004.txt (text/plain) in CBT.V505.FILE070.PDS, moved to PDS/AJSW004
2023-08-06 00:41:50.126617 - Found AJSW005.txt (text/plain) in CBT.V505.FILE070.PDS, moved to PDS/AJSW005
2023-08-06 00:41:50.127534 - Found AJSW006.txt (text/plain) in CBT.V505.FILE070.PDS, moved to PDS/AJSW006
2023-08-06 00:41:50.128375 - Found AJSW007.txt (text/plain) in CBT.V505.FILE070.PDS, moved to PDS/AJSW007
2023-08-06 00:41:50.129265 - Found AJSW008.txt (text/plain) in CBT.V505.FILE070.PDS, moved to PDS/AJSW008
2023-08-06 00:41:50.130327 - Found AJSW009.txt (text/plain) in CBT.V505.FILE070.PDS, moved to PDS/AJSW009
2023-08-06 00:41:50.131484 - Found AJSW011.txt (text/plain) in CBT.V505.FILE070.PDS, moved to PDS/AJSW011
2023-08-06 00:41:50.132664 - Found AJSW012.txt (text/plain) in CBT.V505.FILE070.PDS, moved to PDS/AJSW012
2023-08-06 00:41:50.133661 - Found AJSW013.txt (text/plain) in CBT.V505.FILE070.PDS, moved to PDS/AJSW013
2023-08-06 00:41:50.134545 - Found AJSW014.txt (text/plain) in CBT.V505.FILE070.PDS, moved to PDS/AJSW014
2023-08-06 00:41:50.135393 - Found AJSW016.txt (text/plain) in CBT.V505.FILE070.PDS, moved to PDS/AJSW016
2023-08-06 00:41:50.136247 - Found AJSW017.txt (text/plain) in CBT.V505.FILE070.PDS, moved to PDS/AJSW017
2023-08-06 00:41:50.137399 - Found AJSW018.txt (text/plain) in CBT.V505.FILE070.PDS, moved to PDS/AJSW018
2023-08-06 00:41:50.138336 - Found AJSW020.txt (text/plain) in CBT.V505.FILE070.PDS, moved to PDS/AJSW020
2023-08-06 00:41:50.139255 - Found AJSW021.txt (text/plain) in CBT.V505.FILE070.PDS, moved to PDS/AJSW021
2023-08-06 00:41:50.140141 - Found AJSW022.txt (text/plain) in CBT.V505.FILE070.PDS, moved to PDS/AJSW022
2023-08-06 00:41:50.141178 - Found AJSW023.txt (text/plain) in CBT.V505.FILE070.PDS, moved to PDS/AJSW023
2023-08-06 00:41:50.142352 - Found AJSW024.txt (text/plain) in CBT.V505.FILE070.PDS, moved to PDS/AJSW024
2023-08-06 00:41:50.143276 - Found AJSW025.txt (text/plain) in CBT.V505.FILE070.PDS, moved to PDS/AJSW025
2023-08-06 00:41:50.144112 - Found AJSW027.txt (text/plain) in CBT.V505.FILE070.PDS, moved to PDS/AJSW027
2023-08-06 00:41:50.145016 - Found AJSW028.txt (text/plain) in CBT.V505.FILE070.PDS, moved to PDS/AJSW028
2023-08-06 00:41:50.145863 - Found AJSW030.txt (text/plain) in CBT.V505.FILE070.PDS, moved to PDS/AJSW030
2023-08-06 00:41:50.146860 - Found AJSW031.txt (text/plain) in CBT.V505.FILE070.PDS, moved to PDS/AJSW031
2023-08-06 00:41:50.147809 - Found AJSW032.txt (text/plain) in CBT.V505.FILE070.PDS, moved to PDS/AJSW032
2023-08-06 00:41:50.148707 - Found AJSW035.txt (text/plain) in CBT.V505.FILE070.PDS, moved to PDS/AJSW035
2023-08-06 00:41:50.149855 - Found AJSW036.txt (text/plain) in CBT.V505.FILE070.PDS, moved to PDS/AJSW036
2023-08-06 00:41:50.150819 - Found AJSW037.txt (text/plain) in CBT.V505.FILE070.PDS, moved to PDS/AJSW037
2023-08-06 00:41:50.151789 - Found AJSW038.txt (text/plain) in CBT.V505.FILE070.PDS, moved to PDS/AJSW038
2023-08-06 00:41:50.153013 - Found AJSW039.txt (text/plain) in CBT.V505.FILE070.PDS, moved to PDS/AJSW039
2023-08-06 00:41:50.153974 - Found AJSW040.txt (text/plain) in CBT.V505.FILE070.PDS, moved to PDS/AJSW040
2023-08-06 00:41:50.155142 - Found AJSW042.txt (text/plain) in CBT.V505.FILE070.PDS, moved to PDS/AJSW042
2023-08-06 00:41:50.156270 - Found AJSW043.txt (text/plain) in CBT.V505.FILE070.PDS, moved to PDS/AJSW043
2023-08-06 00:41:50.157467 - Found AJSW045.txt (text/plain) in CBT.V505.FILE070.PDS, moved to PDS/AJSW045
2023-08-06 00:41:50.158544 - Found AJSW046.txt (text/plain) in CBT.V505.FILE070.PDS, moved to PDS/AJSW046
2023-08-06 00:41:50.159738 - Found AJSW048.txt (text/plain) in CBT.V505.FILE070.PDS, moved to PDS/AJSW048
2023-08-06 00:41:50.160747 - Found AJSW049.txt (text/plain) in CBT.V505.FILE070.PDS, moved to PDS/AJSW049
2023-08-06 00:41:50.161682 - Found AJSW051.txt (text/plain) in CBT.V505.FILE070.PDS, moved to PDS/AJSW051
2023-08-06 00:41:50.162690 - Found AJSW057.txt (text/plain) in CBT.V505.FILE070.PDS, moved to PDS/AJSW057
2023-08-06 00:41:50.163813 - Found AJSW208.txt (text/plain) in CBT.V505.FILE070.PDS, moved to PDS/AJSW208
2023-08-06 00:41:50.164793 - Found AVTW001.txt (text/plain) in CBT.V505.FILE070.PDS, moved to PDS/AVTW001
2023-08-06 00:41:50.165781 - Found AVTW003.txt (text/plain) in CBT.V505.FILE070.PDS, moved to PDS/AVTW003
